<?xml version="1.0" encoding="UTF-8"?>
<testng-results skipped="0" failed="0" ignored="0" total="1" passed="1">
  <reporter-output>
  </reporter-output>
  <suite name="Default suite" duration-ms="96834" started-at="2020-07-29T11:11:24Z" finished-at="2020-07-29T11:13:01Z">
    <groups>
    </groups>
    <test name="Default test" duration-ms="96834" started-at="2020-07-29T11:11:24Z" finished-at="2020-07-29T11:13:01Z">
      <class name="tests.PurchaseProduct">
        <test-method status="PASS" signature="beforeTest()[pri:0, instance:tests.PurchaseProduct@13a5fe33]" name="beforeTest" is-config="true" duration-ms="42667" started-at="2020-07-29T14:11:24Z" finished-at="2020-07-29T14:12:07Z">
          <reporter-output>
          </reporter-output>
        </test-method> <!-- beforeTest -->
        <test-method status="PASS" signature="searchTest()[pri:0, instance:tests.PurchaseProduct@13a5fe33]" name="searchTest" duration-ms="54141" started-at="2020-07-29T14:12:07Z" finished-at="2020-07-29T14:13:01Z">
          <reporter-output>
          </reporter-output>
        </test-method> <!-- searchTest -->
      </class> <!-- tests.PurchaseProduct -->
    </test> <!-- Default test -->
  </suite> <!-- Default suite -->
</testng-results>
